
> app@1.0.0 start
> npx serve public

npm warn exec The following package was not found and will be installed: serve@14.2.5
 INFO  Accepting connections at http://localhost:3000
 HTTP  2/28/2026 6:09:35 AM ::1 GET /
 HTTP  2/28/2026 6:09:35 AM ::1 Returned 200 in 344 ms
 HTTP  2/28/2026 6:09:36 AM ::1 GET /css/styles.css
 HTTP  2/28/2026 6:09:36 AM ::1 GET /js/failsafe.js
 HTTP  2/28/2026 6:09:36 AM ::1 Returned 200 in 4 ms
 HTTP  2/28/2026 6:09:36 AM ::1 Returned 200 in 4 ms
 HTTP  2/28/2026 6:09:36 AM ::1 GET /js/app.js
 HTTP  2/28/2026 6:09:36 AM ::1 Returned 200 in 2 ms
 HTTP  2/28/2026 6:09:36 AM ::1 GET /js/data.js
 HTTP  2/28/2026 6:09:36 AM ::1 Returned 200 in 5 ms
 HTTP  2/28/2026 6:09:36 AM ::1 GET /images/shore-temple.jpg
 HTTP  2/28/2026 6:09:36 AM ::1 Returned 200 in 2 ms
 HTTP  2/28/2026 6:10:11 AM ::1 GET /
 HTTP  2/28/2026 6:10:11 AM ::1 Returned 200 in 1 ms
 HTTP  2/28/2026 6:10:12 AM ::1 GET /css/styles.css
 HTTP  2/28/2026 6:10:12 AM ::1 Returned 200 in 2 ms
 HTTP  2/28/2026 6:10:12 AM ::1 GET /js/app.js
 HTTP  2/28/2026 6:10:12 AM ::1 GET /js/failsafe.js
 HTTP  2/28/2026 6:10:12 AM ::1 Returned 200 in 3 ms
 HTTP  2/28/2026 6:10:12 AM ::1 Returned 200 in 1 ms
 HTTP  2/28/2026 6:10:12 AM ::1 GET /js/data.js
 HTTP  2/28/2026 6:10:12 AM ::1 Returned 200 in 2 ms
 HTTP  2/28/2026 6:10:14 AM ::1 GET /images/shore-temple.jpg
 HTTP  2/28/2026 6:10:14 AM ::1 Returned 200 in 1 ms
